2026-02-13 16:22:23.835 [main] TRACE o.s.core.io.support.SpringFactoriesLoader-Loaded [org.springframework.boot.BootstrapRegistryInitializer] names: []
2026-02-13 16:22:23.836 [main] TRACE o.s.core.io.support.SpringFactoriesLoader-Loaded [org.springframework.context.ApplicationContextInitializer] names: [org.springframework.boot.context.ConfigurationWarningsApplicationContextInitializer, org.springframework.boot.context.ContextIdApplicationContextInitializer, org.springframework.boot.context.config.DelegatingApplicationContextInitializer, org.springframework.boot.rsocket.context.RSocketPortInfoApplicationContextInitializer, org.springframework.boot.web.context.ServerPortInfoApplicationContextInitializer, org.springframework.boot.autoconfigure.SharedMetadataReaderFactoryContextInitializer, org.springframework.boot.autoconfigure.logging.ConditionEvaluationReportLoggingListener]
2026-02-13 16:22:23.843 [main] TRACE o.s.core.io.support.SpringFactoriesLoader-Loaded [org.springframework.context.ApplicationListener] names: [org.springframework.boot.ClearCachesApplicationListener, org.springframework.boot.builder.ParentContextCloserApplicationListener, org.springframework.boot.context.FileEncodingApplicationListener, org.springframework.boot.context.config.AnsiOutputApplicationListener, org.springframework.boot.context.config.DelegatingApplicationListener, org.springframework.boot.context.logging.LoggingApplicationListener, org.springframework.boot.env.EnvironmentPostProcessorApplicationListener, org.springframework.boot.autoconfigure.BackgroundPreinitializer]
2026-02-13 16:22:23.851 [main] TRACE o.s.core.io.support.SpringFactoriesLoader-Loaded [org.springframework.boot.SpringApplicationRunListener] names: [org.springframework.boot.context.event.EventPublishingRunListener]
2026-02-13 16:22:23.854 [main] TRACE o.s.core.io.support.SpringFactoriesLoader-Loaded [org.springframework.boot.logging.LoggingSystemFactory] names: [org.springframework.boot.logging.logback.LogbackLoggingSystem.Factory, org.springframework.boot.logging.log4j2.Log4J2LoggingSystem.Factory, org.springframework.boot.logging.java.JavaLoggingSystem.Factory]
2026-02-13 16:22:23.951 [main] INFO  com.furp.ReviewDistributionSystemApplication-Starting ReviewDistributionSystemApplication using Java 21.0.5 with PID 55949 (/Users/aziko/Documents/furp/furp/target/classes started by aziko in /Users/aziko/Documents/furp/furp)
2026-02-13 16:22:23.952 [main] INFO  com.furp.ReviewDistributionSystemApplication-No active profile set, falling back to 1 default profile: "default"
2026-02-13 16:22:24.237 [main] INFO  o.s.d.r.config.RepositoryConfigurationDelegate-Multiple Spring Data modules found, entering strict repository configuration mode
2026-02-13 16:22:24.238 [main] INFO  o.s.d.r.config.RepositoryConfigurationDelegate-Bootstrapping Spring Data Redis repositories in DEFAULT mode.
2026-02-13 16:22:24.251 [main] INFO  o.s.d.r.config.RepositoryConfigurationDelegate-Finished Spring Data repository scanning in 7 ms. Found 0 Redis repository interfaces.
2026-02-13 16:22:24.451 [main] INFO  o.s.boot.web.embedded.tomcat.TomcatWebServer-Tomcat initialized with port 8080 (http)
2026-02-13 16:22:24.454 [main] INFO  org.apache.coyote.http11.Http11NioProtocol-Initializing ProtocolHandler ["http-nio-8080"]
2026-02-13 16:22:24.455 [main] INFO  org.apache.catalina.core.StandardService-Starting service [Tomcat]
2026-02-13 16:22:24.455 [main] INFO  org.apache.catalina.core.StandardEngine-Starting Servlet engine: [Apache Tomcat/10.1.16]
2026-02-13 16:22:24.473 [main] INFO  o.a.c.core.ContainerBase.[Tomcat].[localhost].[/]-Initializing Spring embedded WebApplicationContext
2026-02-13 16:22:24.473 [main] INFO  o.s.b.w.s.c.ServletWebServerApplicationContext-Root WebApplicationContext: initialization completed in 507 ms
2026-02-13 16:22:24.946 [main] INFO  c.b.m.e.spring.MybatisPlusApplicationContextAware-Register ApplicationContext instances org.springframework.boot.web.servlet.context.AnnotationConfigServletWebServerApplicationContext@7829b776
2026-02-13 16:22:25.018 [main] INFO  org.apache.coyote.http11.Http11NioProtocol-Starting ProtocolHandler ["http-nio-8080"]
2026-02-13 16:22:25.024 [main] INFO  o.s.boot.web.embedded.tomcat.TomcatWebServer-Tomcat started on port 8080 (http) with context path ''
2026-02-13 16:22:25.027 [main] INFO  com.furp.ReviewDistributionSystemApplication-Started ReviewDistributionSystemApplication in 1.177 seconds (process running for 1.471)
